<?xml version="1.0" encoding="UTF-8"?>
<!-- Generated by org.testng.reporters.JUnitXMLReporter -->
<testsuite hostname="Jahid" failures="0" tests="19" name="Home page" time="5.32" errors="0" timestamp="20 Jan 2018 06:15:56 GMT">
  <testcase classname="testCases.testHomePage" name="@BeforeMethod setUp" time="0.0">
    <failure type="org.openqa.selenium.remote.UnreachableBrowserException" message="Could not start a new session. Possible causes are invalid address of the remote server or browser start-up failure.
Build info: version: &amp;apos;2.43.1&amp;apos;, revision: &amp;apos;5163bceef1bc36d43f3dc0b83c88998168a363a0&amp;apos;, time: &amp;apos;2014-09-10 09:43:55&amp;apos;
System info: host: &amp;apos;Jahid&amp;apos;, ip: &amp;apos;192.168.91.2&amp;apos;, os.name: &amp;apos;Windows 10&amp;apos;, os.arch: &amp;apos;amd64&amp;apos;, os.version: &amp;apos;10.0&amp;apos;, java.version: &amp;apos;9.0.1&amp;apos;
Driver info: driver.version: AndroidDriver">
      <![CDATA[org.openqa.selenium.remote.UnreachableBrowserException: Could not start a new session. Possible causes are invalid address of the remote server or browser start-up failure.
Build info: version: '2.43.1', revision: '5163bceef1bc36d43f3dc0b83c88998168a363a0', time: '2014-09-10 09:43:55'
System info: host: 'Jahid', ip: '192.168.91.2', os.name: 'Windows 10', os.arch: 'amd64', os.version: '10.0', java.version: '9.0.1'
Driver info: driver.version: AndroidDriver
	at org.openqa.selenium.remote.RemoteWebDriver.execute(RemoteWebDriver.java:593)
	at io.appium.java_client.AppiumDriver.execute(AppiumDriver.java:180)
	at org.openqa.selenium.remote.RemoteWebDriver.startSession(RemoteWebDriver.java:240)
	at org.openqa.selenium.remote.RemoteWebDriver.<init>(RemoteWebDriver.java:126)
	at org.openqa.selenium.remote.RemoteWebDriver.<init>(RemoteWebDriver.java:153)
	at io.appium.java_client.AppiumDriver.<init>(AppiumDriver.java:109)
	at io.appium.java_client.android.AndroidDriver.<init>(AndroidDriver.java:39)
	at base.MobileAPI.setUpAndroidEnv(MobileAPI.java:172)
	at base.MobileAPI.setUp(MobileAPI.java:141)
Caused by: org.apache.http.conn.HttpHostConnectException: Connect to 127.0.0.1:4723 [/127.0.0.1] failed: Connection refused: connect
	at org.apache.http.impl.conn.HttpClientConnectionOperator.connect(HttpClientConnectionOperator.java:140)
	at org.apache.http.impl.conn.PoolingHttpClientConnectionManager.connect(PoolingHttpClientConnectionManager.java:314)
	at org.apache.http.impl.execchain.MainClientExec.establishRoute(MainClientExec.java:363)
	at org.apache.http.impl.execchain.MainClientExec.execute(MainClientExec.java:219)
	at org.apache.http.impl.execchain.ProtocolExec.execute(ProtocolExec.java:195)
	at org.apache.http.impl.execchain.RetryExec.execute(RetryExec.java:86)
	at org.apache.http.impl.execchain.RedirectExec.execute(RedirectExec.java:108)
	at org.apache.http.impl.client.InternalHttpClient.doExecute(InternalHttpClient.java:186)
	at org.apache.http.impl.client.CloseableHttpClient.execute(CloseableHttpClient.java:72)
	at org.apache.http.impl.client.CloseableHttpClient.execute(CloseableHttpClient.java:57)
	at org.openqa.selenium.remote.HttpCommandExecutor.fallBackExecute(HttpCommandExecutor.java:215)
	at org.openqa.selenium.remote.HttpCommandExecutor.execute(HttpCommandExecutor.java:184)
	at org.openqa.selenium.remote.RemoteWebDriver.execute(RemoteWebDriver.java:572)
	... 38 more
Caused by: java.net.ConnectException: Connection refused: connect
	at java.base/java.net.DualStackPlainSocketImpl.waitForConnect(Native Method)
	at java.base/java.net.DualStackPlainSocketImpl.socketConnect(DualStackPlainSocketImpl.java:85)
	at java.base/java.net.AbstractPlainSocketImpl.doConnect(AbstractPlainSocketImpl.java:400)
	at java.base/java.net.AbstractPlainSocketImpl.connectToAddress(AbstractPlainSocketImpl.java:243)
	at java.base/java.net.AbstractPlainSocketImpl.connect(AbstractPlainSocketImpl.java:225)
	at java.base/java.net.PlainSocketImpl.connect(PlainSocketImpl.java:148)
	at java.base/java.net.SocksSocketImpl.connect(SocksSocketImpl.java:402)
	at java.base/java.net.Socket.connect(Socket.java:591)
	at org.apache.http.conn.socket.PlainConnectionSocketFactory.connectSocket(PlainConnectionSocketFactory.java:72)
	at org.apache.http.impl.conn.HttpClientConnectionOperator.connect(HttpClientConnectionOperator.java:117)
	... 50 more
... Removed 30 stack frames]]>
    </failure>
  </testcase> <!-- @BeforeMethod setUp -->
  <testcase classname="testCases.testHomePage" name="@BeforeMethod startExtent" time="0.0">
    <skipped/>
  </testcase> <!-- @BeforeMethod startExtent -->
  <testcase classname="testCases.testHomePage" name="@BeforeMethod initializationOfObjects" time="0.0">
    <skipped/>
  </testcase> <!-- @BeforeMethod initializationOfObjects -->
  <testcase classname="testCases.testHomePage" name="@AfterMethod afterEachTestMethod" time="0.0">
    <skipped/>
  </testcase> <!-- @AfterMethod afterEachTestMethod -->
  <testcase classname="testCases.testHomePage" name="@BeforeMethod setUp" time="0.0">
    <skipped/>
  </testcase> <!-- @BeforeMethod setUp -->
  <testcase classname="testCases.testHomePage" name="@BeforeMethod startExtent" time="0.0">
    <skipped/>
  </testcase> <!-- @BeforeMethod startExtent -->
  <testcase classname="testCases.testHomePage" name="@BeforeMethod initializationOfObjects" time="0.0">
    <skipped/>
  </testcase> <!-- @BeforeMethod initializationOfObjects -->
  <testcase classname="testCases.testHomePage" name="@AfterMethod afterEachTestMethod" time="0.0">
    <skipped/>
  </testcase> <!-- @AfterMethod afterEachTestMethod -->
  <testcase classname="testCases.testHomePage" name="@BeforeMethod setUp" time="0.0">
    <skipped/>
  </testcase> <!-- @BeforeMethod setUp -->
  <testcase classname="testCases.testHomePage" name="@BeforeMethod startExtent" time="0.0">
    <skipped/>
  </testcase> <!-- @BeforeMethod startExtent -->
  <testcase classname="testCases.testHomePage" name="@BeforeMethod initializationOfObjects" time="0.0">
    <skipped/>
  </testcase> <!-- @BeforeMethod initializationOfObjects -->
  <testcase classname="testCases.testHomePage" name="@AfterMethod afterEachTestMethod" time="0.0">
    <skipped/>
  </testcase> <!-- @AfterMethod afterEachTestMethod -->
  <testcase classname="testCases.testHomePage" name="@BeforeMethod setUp" time="0.0">
    <skipped/>
  </testcase> <!-- @BeforeMethod setUp -->
  <testcase classname="testCases.testHomePage" name="@BeforeMethod startExtent" time="0.0">
    <skipped/>
  </testcase> <!-- @BeforeMethod startExtent -->
  <testcase classname="testCases.testHomePage" name="@BeforeMethod initializationOfObjects" time="0.0">
    <skipped/>
  </testcase> <!-- @BeforeMethod initializationOfObjects -->
  <testcase classname="testCases.testHomePage" name="@AfterMethod afterEachTestMethod" time="0.0">
    <skipped/>
  </testcase> <!-- @AfterMethod afterEachTestMethod -->
  <testcase classname="testCases.testHomePage" name="@BeforeMethod setUp" time="0.0">
    <skipped/>
  </testcase> <!-- @BeforeMethod setUp -->
  <testcase classname="testCases.testHomePage" name="@BeforeMethod startExtent" time="0.0">
    <skipped/>
  </testcase> <!-- @BeforeMethod startExtent -->
  <testcase classname="testCases.testHomePage" name="@BeforeMethod initializationOfObjects" time="0.0">
    <skipped/>
  </testcase> <!-- @BeforeMethod initializationOfObjects -->
  <testcase classname="testCases.testHomePage" name="@AfterMethod afterEachTestMethod" time="0.0">
    <skipped/>
  </testcase> <!-- @AfterMethod afterEachTestMethod -->
  <testcase classname="testCases.testHomePage" name="@BeforeMethod setUp" time="0.0">
    <skipped/>
  </testcase> <!-- @BeforeMethod setUp -->
  <testcase classname="testCases.testHomePage" name="@BeforeMethod startExtent" time="0.0">
    <skipped/>
  </testcase> <!-- @BeforeMethod startExtent -->
  <testcase classname="testCases.testHomePage" name="@BeforeMethod initializationOfObjects" time="0.0">
    <skipped/>
  </testcase> <!-- @BeforeMethod initializationOfObjects -->
  <testcase classname="testCases.testHomePage" name="@AfterMethod afterEachTestMethod" time="0.0">
    <skipped/>
  </testcase> <!-- @AfterMethod afterEachTestMethod -->
  <testcase classname="testCases.testHomePage" name="@BeforeMethod setUp" time="0.0">
    <skipped/>
  </testcase> <!-- @BeforeMethod setUp -->
  <testcase classname="testCases.testHomePage" name="@BeforeMethod startExtent" time="0.0">
    <skipped/>
  </testcase> <!-- @BeforeMethod startExtent -->
  <testcase classname="testCases.testHomePage" name="@BeforeMethod initializationOfObjects" time="0.0">
    <skipped/>
  </testcase> <!-- @BeforeMethod initializationOfObjects -->
  <testcase classname="testCases.testHomePage" name="@AfterMethod afterEachTestMethod" time="0.0">
    <skipped/>
  </testcase> <!-- @AfterMethod afterEachTestMethod -->
  <testcase classname="testCases.testHomePage" name="@BeforeMethod setUp" time="0.0">
    <skipped/>
  </testcase> <!-- @BeforeMethod setUp -->
  <testcase classname="testCases.testHomePage" name="@BeforeMethod startExtent" time="0.0">
    <skipped/>
  </testcase> <!-- @BeforeMethod startExtent -->
  <testcase classname="testCases.testHomePage" name="@BeforeMethod initializationOfObjects" time="0.0">
    <skipped/>
  </testcase> <!-- @BeforeMethod initializationOfObjects -->
  <testcase classname="testCases.testHomePage" name="@AfterMethod afterEachTestMethod" time="0.0">
    <skipped/>
  </testcase> <!-- @AfterMethod afterEachTestMethod -->
  <testcase classname="testCases.testHomePage" name="@BeforeMethod setUp" time="0.0">
    <skipped/>
  </testcase> <!-- @BeforeMethod setUp -->
  <testcase classname="testCases.testHomePage" name="@BeforeMethod startExtent" time="0.0">
    <skipped/>
  </testcase> <!-- @BeforeMethod startExtent -->
  <testcase classname="testCases.testHomePage" name="@BeforeMethod initializationOfObjects" time="0.0">
    <skipped/>
  </testcase> <!-- @BeforeMethod initializationOfObjects -->
  <testcase classname="testCases.testHomePage" name="@AfterMethod afterEachTestMethod" time="0.0">
    <skipped/>
  </testcase> <!-- @AfterMethod afterEachTestMethod -->
  <testcase classname="testCases.testHomePage" name="@BeforeMethod setUp" time="0.0">
    <skipped/>
  </testcase> <!-- @BeforeMethod setUp -->
  <testcase classname="testCases.testHomePage" name="@BeforeMethod startExtent" time="0.0">
    <skipped/>
  </testcase> <!-- @BeforeMethod startExtent -->
  <testcase classname="testCases.testHomePage" name="@BeforeMethod initializationOfObjects" time="0.0">
    <skipped/>
  </testcase> <!-- @BeforeMethod initializationOfObjects -->
  <testcase classname="testCases.testHomePage" name="@AfterMethod afterEachTestMethod" time="0.0">
    <skipped/>
  </testcase> <!-- @AfterMethod afterEachTestMethod -->
  <testcase classname="testCases.testHomePage" name="@BeforeMethod setUp" time="0.0">
    <skipped/>
  </testcase> <!-- @BeforeMethod setUp -->
  <testcase classname="testCases.testHomePage" name="@BeforeMethod startExtent" time="0.0">
    <skipped/>
  </testcase> <!-- @BeforeMethod startExtent -->
  <testcase classname="testCases.testHomePage" name="@BeforeMethod initializationOfObjects" time="0.0">
    <skipped/>
  </testcase> <!-- @BeforeMethod initializationOfObjects -->
  <testcase classname="testCases.testHomePage" name="@AfterMethod afterEachTestMethod" time="0.0">
    <skipped/>
  </testcase> <!-- @AfterMethod afterEachTestMethod -->
  <testcase classname="testCases.testHomePage" name="@BeforeMethod setUp" time="0.0">
    <skipped/>
  </testcase> <!-- @BeforeMethod setUp -->
  <testcase classname="testCases.testHomePage" name="@BeforeMethod startExtent" time="0.0">
    <skipped/>
  </testcase> <!-- @BeforeMethod startExtent -->
  <testcase classname="testCases.testHomePage" name="@BeforeMethod initializationOfObjects" time="0.0">
    <skipped/>
  </testcase> <!-- @BeforeMethod initializationOfObjects -->
  <testcase classname="testCases.testHomePage" name="@AfterMethod afterEachTestMethod" time="0.0">
    <skipped/>
  </testcase> <!-- @AfterMethod afterEachTestMethod -->
  <testcase classname="testCases.testHomePage" name="@BeforeMethod setUp" time="0.0">
    <skipped/>
  </testcase> <!-- @BeforeMethod setUp -->
  <testcase classname="testCases.testHomePage" name="@BeforeMethod startExtent" time="0.0">
    <skipped/>
  </testcase> <!-- @BeforeMethod startExtent -->
  <testcase classname="testCases.testHomePage" name="@BeforeMethod initializationOfObjects" time="0.0">
    <skipped/>
  </testcase> <!-- @BeforeMethod initializationOfObjects -->
  <testcase classname="testCases.testHomePage" name="@AfterMethod afterEachTestMethod" time="0.0">
    <skipped/>
  </testcase> <!-- @AfterMethod afterEachTestMethod -->
  <testcase classname="testCases.testHomePage" name="@BeforeMethod setUp" time="0.0">
    <skipped/>
  </testcase> <!-- @BeforeMethod setUp -->
  <testcase classname="testCases.testHomePage" name="@BeforeMethod startExtent" time="0.0">
    <skipped/>
  </testcase> <!-- @BeforeMethod startExtent -->
  <testcase classname="testCases.testHomePage" name="@BeforeMethod initializationOfObjects" time="0.0">
    <skipped/>
  </testcase> <!-- @BeforeMethod initializationOfObjects -->
  <testcase classname="testCases.testHomePage" name="@AfterMethod afterEachTestMethod" time="0.0">
    <skipped/>
  </testcase> <!-- @AfterMethod afterEachTestMethod -->
  <testcase classname="testCases.testHomePage" name="@BeforeMethod setUp" time="0.0">
    <skipped/>
  </testcase> <!-- @BeforeMethod setUp -->
  <testcase classname="testCases.testHomePage" name="@BeforeMethod startExtent" time="0.0">
    <skipped/>
  </testcase> <!-- @BeforeMethod startExtent -->
  <testcase classname="testCases.testHomePage" name="@BeforeMethod initializationOfObjects" time="0.0">
    <skipped/>
  </testcase> <!-- @BeforeMethod initializationOfObjects -->
  <testcase classname="testCases.testHomePage" name="@AfterMethod afterEachTestMethod" time="0.0">
    <skipped/>
  </testcase> <!-- @AfterMethod afterEachTestMethod -->
  <testcase classname="testCases.testHomePage" name="@BeforeMethod setUp" time="0.0">
    <skipped/>
  </testcase> <!-- @BeforeMethod setUp -->
  <testcase classname="testCases.testHomePage" name="@BeforeMethod startExtent" time="0.033">
    <skipped/>
  </testcase> <!-- @BeforeMethod startExtent -->
  <testcase classname="testCases.testHomePage" name="@BeforeMethod initializationOfObjects" time="0.0">
    <skipped/>
  </testcase> <!-- @BeforeMethod initializationOfObjects -->
  <testcase classname="testCases.testHomePage" name="@AfterMethod afterEachTestMethod" time="0.0">
    <skipped/>
  </testcase> <!-- @AfterMethod afterEachTestMethod -->
  <testcase classname="testCases.testHomePage" name="@BeforeMethod setUp" time="0.0">
    <skipped/>
  </testcase> <!-- @BeforeMethod setUp -->
  <testcase classname="testCases.testHomePage" name="@BeforeMethod startExtent" time="0.0">
    <skipped/>
  </testcase> <!-- @BeforeMethod startExtent -->
  <testcase classname="testCases.testHomePage" name="@BeforeMethod initializationOfObjects" time="0.0">
    <skipped/>
  </testcase> <!-- @BeforeMethod initializationOfObjects -->
  <testcase classname="testCases.testHomePage" name="@AfterMethod afterEachTestMethod" time="0.0">
    <skipped/>
  </testcase> <!-- @AfterMethod afterEachTestMethod -->
  <testcase classname="testCases.testHomePage" name="@BeforeMethod setUp" time="0.0">
    <skipped/>
  </testcase> <!-- @BeforeMethod setUp -->
  <testcase classname="testCases.testHomePage" name="@BeforeMethod startExtent" time="0.0">
    <skipped/>
  </testcase> <!-- @BeforeMethod startExtent -->
  <testcase classname="testCases.testHomePage" name="@BeforeMethod initializationOfObjects" time="0.0">
    <skipped/>
  </testcase> <!-- @BeforeMethod initializationOfObjects -->
  <testcase classname="testCases.testHomePage" name="@AfterMethod afterEachTestMethod" time="0.0">
    <skipped/>
  </testcase> <!-- @AfterMethod afterEachTestMethod -->
  <testcase classname="testCases.testSelectRoutePage" name="@BeforeMethod setUp" time="0.0">
    <skipped/>
  </testcase> <!-- @BeforeMethod setUp -->
  <testcase classname="testCases.testSelectRoutePage" name="@BeforeMethod startExtent" time="0.0">
    <skipped/>
  </testcase> <!-- @BeforeMethod startExtent -->
  <testcase classname="testCases.testSelectRoutePage" name="@BeforeMethod initializationOfObjects" time="0.0">
    <skipped/>
  </testcase> <!-- @BeforeMethod initializationOfObjects -->
  <testcase classname="testCases.testSelectRoutePage" name="@AfterMethod afterEachTestMethod" time="0.0">
    <skipped/>
  </testcase> <!-- @AfterMethod afterEachTestMethod -->
  <testcase classname="testCases.testHomePage" name="testAddAMissingPlace" time="0.002">
    <skipped/>
  </testcase> <!-- testAddAMissingPlace -->
  <testcase classname="testCases.testHomePage" name="testExplore" time="0.0">
    <skipped/>
  </testcase> <!-- testExplore -->
  <testcase classname="testCases.testHomePage" name="testHelp" time="0.0">
    <skipped/>
  </testcase> <!-- testHelp -->
  <testcase classname="testCases.testHomePage" name="testLocationSharing" time="0.0">
    <skipped/>
  </testcase> <!-- testLocationSharing -->
  <testcase classname="testCases.testHomePage" name="testMapTypeSatellite" time="0.001">
    <skipped/>
  </testcase> <!-- testMapTypeSatellite -->
  <testcase classname="testCases.testHomePage" name="testMapTypeTerrain" time="0.001">
    <skipped/>
  </testcase> <!-- testMapTypeTerrain -->
  <testcase classname="testCases.testHomePage" name="testMenu" time="0.0">
    <skipped/>
  </testcase> <!-- testMenu -->
  <testcase classname="testCases.testHomePage" name="testSearch" time="0.0">
    <skipped/>
  </testcase> <!-- testSearch -->
  <testcase classname="testCases.testHomePage" name="testSendFeedBack" time="0.001">
    <skipped/>
  </testcase> <!-- testSendFeedBack -->
  <testcase classname="testCases.testHomePage" name="testSetHomeAddressInYourPlace" time="0.0">
    <skipped/>
  </testcase> <!-- testSetHomeAddressInYourPlace -->
  <testcase classname="testCases.testHomePage" name="testSettings" time="0.0">
    <skipped/>
  </testcase> <!-- testSettings -->
  <testcase classname="testCases.testHomePage" name="testStartDriving" time="0.0">
    <skipped/>
  </testcase> <!-- testStartDriving -->
  <testcase classname="testCases.testHomePage" name="testStartDrivingTo" time="0.001">
    <skipped/>
  </testcase> <!-- testStartDrivingTo -->
  <testcase classname="testCases.testHomePage" name="testTermsOfService" time="0.0">
    <skipped/>
  </testcase> <!-- testTermsOfService -->
  <testcase classname="testCases.testHomePage" name="testTipsAndTricks" time="0.0">
    <skipped/>
  </testcase> <!-- testTipsAndTricks -->
  <testcase classname="testCases.testHomePage" name="testYourCOntribution" time="0.0">
    <skipped/>
  </testcase> <!-- testYourCOntribution -->
  <testcase classname="testCases.testHomePage" name="testYourPlaces" time="0.0">
    <skipped/>
  </testcase> <!-- testYourPlaces -->
  <testcase classname="testCases.testHomePage" name="testYourTimeline" time="0.0">
    <skipped/>
  </testcase> <!-- testYourTimeline -->
  <testcase classname="testCases.testSelectRoutePage" name="testSelectRoute" time="0.005">
    <skipped/>
  </testcase> <!-- testSelectRoute -->
</testsuite> <!-- Home page -->
